app/mapping.txt
# compiler: R8
# compiler_version: 1.5.69
# min_api: 14
# pg_map_id: 3e847c6
c.jahhow.remotecontroller.AirMouseCardView -> c.jahhow.remotecontroller.AirMouseCardView:
    int k -> l
    android.view.View l -> m
    android.view.View n -> o
    android.view.View m -> n
    android.view.View p -> q
    android.view.View o -> p
    android.view.View q -> r
    android.view.animation.Interpolator j -> k
    boolean t -> s
    void Indicate(int) -> a
    1:1:void c():0:0 -> a
    1:1:void Init(android.view.animation.Interpolator):0 -> a
    void d() -> c
c.jahhow.remotecontroller.AirMouseFragment -> c.jahhow.remotecontroller.AirMouseFragment:
    c.jahhow.remotecontroller.MainActivity mainActivity -> Y
    float[] mainVector -> d0
    float[] rotatedVector -> e0
    double originRotateZ -> g0
    float[] rotationMatrix -> c0
    c.jahhow.remotecontroller.AirMouseCardView cardView -> Z
    android.hardware.Sensor rotationVectorSensor -> b0
    boolean hasSetOrigin -> h0
    android.hardware.SensorManager sensorManager -> a0
    boolean pauseMovingMouse -> i0
    double originAcosZ -> f0
    void onCreate(android.os.Bundle) -> a
    android.view.View onCreateView(android.view.LayoutInflater,android.view.ViewGroup,android.os.Bundle) -> a
    void a(int) -> f
    1:1:void androidx.fragment.app.Fragment.onPause():0:0 -> i0
    1:1:void onPause():0 -> i0
    2:2:void onPause():0:0 -> i0
    void onResume() -> m0
    1:1:void MatrixMultiply(float[],float[],float[]):0:0 -> onSensorChanged
    1:1:void onSensorChanged(android.hardware.SensorEvent):0 -> onSensorChanged
    2:2:void onSensorChanged(android.hardware.SensorEvent):0:0 -> onSensorChanged
    3:3:double c.jahhow.remotecontroller.MotionAdjuster.GetMultiplierV3(double,double,double,double):0:0 -> onSensorChanged
    3:3:void onSensorChanged(android.hardware.SensorEvent):0 -> onSensorChanged
    4:4:void onSensorChanged(android.hardware.SensorEvent):0:0 -> onSensorChanged
c.jahhow.remotecontroller.AirMouseLayout -> d.a.a.a:
    c.jahhow.remotecontroller.AirMouseCardView mouseCardView -> n
    c.jahhow.remotecontroller.ExponentialSmoothing smootherY -> e
    float M -> k
    float animationDiffX -> c
    float q -> B
    c.jahhow.remotecontroller.AirMouseFragment f1702b -> m
    c.jahhow.remotecontroller.MainActivity f1701a -> l
    float n -> y
    java.lang.Runnable K -> i
    android.view.animation.Interpolator decelerateInterpolator -> p
    float startFocusingX -> w
    float diffX -> u
    double scrollBuffer -> b
    boolean aFocusingPointerActuallyMoved -> E
    float focusingPointerOriginX -> s
    boolean y -> G
    boolean attachedToWindow -> C
    c.jahhow.remotecontroller.ExponentialSmoothing smootherX -> f
    boolean L -> j
    int maxPointerCount -> H
    float animationDiffY -> d
    int I -> g
    float density -> A
    android.animation.ValueAnimator f1704d -> o
    float focusingPointerLastY -> z
    android.view.animation.Interpolator accelerateDecelerateInterpolator -> q
    float startFocusingY -> x
    java.lang.Runnable J -> h
    float diffY -> v
    float focusingPointerOriginY -> t
    boolean scroll -> F
    int focusingPointerID -> r
    boolean preventJump -> D
    void SwitchOrigin(float,float,float,float) -> a
    void b(android.view.MotionEvent,int) -> a
    void changeFocusingPointer(android.view.MotionEvent,int) -> b
c.jahhow.remotecontroller.ArrowButtonFragment -> d.a.a.b:
    c.jahhow.remotecontroller.MainActivity mainActivity -> Y
    android.view.View onCreateView(android.view.LayoutInflater,android.view.ViewGroup,android.os.Bundle) -> a
c.jahhow.remotecontroller.ArrowButtonFragment$1 -> d.a.a.b$a:
    void onLongClickDown(android.view.View) -> a
    void onLongClickUp(android.view.View) -> b
c.jahhow.remotecontroller.ArrowButtonFragment$2 -> d.a.a.b$b:
    void onLongClickDown(android.view.View) -> a
    void onLongClickUp(android.view.View) -> b
c.jahhow.remotecontroller.ArrowButtonFragment$3 -> d.a.a.b$c:
    void onLongClickDown(android.view.View) -> a
    void onLongClickUp(android.view.View) -> b
...
androidx.appcompat.widget.AppCompatTextHelper -> b.b.p.x:
    androidx.appcompat.widget.AppCompatTextViewAutoSizeHelper mAutoSizeTextHelper -> i
    boolean mAsyncFontPending -> m
    int mStyle -> j
    int mFontWeight -> k
    androidx.appcompat.widget.TintInfo mDrawableLeftTint -> b
    androidx.appcompat.widget.TintInfo mDrawableTopTint -> c
    androidx.appcompat.widget.TintInfo mDrawableStartTint -> f
    androidx.appcompat.widget.TintInfo mDrawableEndTint -> g
    android.widget.TextView mView -> a
    androidx.appcompat.widget.TintInfo mDrawableRightTint -> d
    androidx.appcompat.widget.TintInfo mDrawableBottomTint -> e
    android.graphics.Typeface mFontTypeface -> l
    androidx.appcompat.widget.TintInfo mDrawableTint -> h
    void applyCompoundDrawableTint(android.graphics.drawable.Drawable,androidx.appcompat.widget.TintInfo) -> a
    void applyCompoundDrawablesTints() -> a
    androidx.appcompat.widget.TintInfo createTintInfo(android.content.Context,androidx.appcompat.widget.AppCompatDrawableManager,int) -> a
    1:1:void androidx.appcompat.widget.TintTypedArray.recycle():0:0 -> a
    1:1:void loadFromAttributes(android.util.AttributeSet,int):0 -> a
    2:2:void loadFromAttributes(android.util.AttributeSet,int):0:0 -> a
    3:3:androidx.appcompat.widget.TintTypedArray androidx.appcompat.widget.TintTypedArray.obtainStyledAttributes(android.content.Context,int,int[]):0:0 -> a
    3:3:void loadFromAttributes(android.util.AttributeSet,int):0 -> a
androidx.appcompat.widget.AppCompatTextHelper$ApplyTextViewCallback -> b.b.p.x$a:
    java.lang.ref.WeakReference mParent -> a
    int mFontWeight -> b
    int mStyle -> c
    void onFontRetrievalFailed(int) -> a
    1:1:void androidx.appcompat.widget.AppCompatTextHelper.runOnUiThread(java.lang.Runnable):0:0 -> a
    1:1:void onFontRetrieved(android.graphics.Typeface):0 -> a
androidx.appcompat.widget.AppCompatTextHelper$ApplyTextViewCallback$TypefaceApplyCallback -> b.b.p.x$a$a:
    android.graphics.Typeface mTypeface -> c
    java.lang.ref.WeakReference mParent -> b
    1:1:void androidx.appcompat.widget.AppCompatTextHelper.setTypefaceByCallback(android.graphics.Typeface):0:0 -> run
    1:1:void run():0 -> run
androidx.appcompat.widget.AppCompatTextView -> b.b.p.y:
    androidx.appcompat.widget.AppCompatTextClassifierHelper mTextClassifierHelper -> d
    androidx.appcompat.widget.AppCompatBackgroundHelper mBackgroundTintHelper -> b
    androidx.appcompat.widget.AppCompatTextHelper mTextHelper -> c
    java.util.concurrent.Future mPrecomputedTextFuture -> e
    1:1:int androidx.core.widget.TextViewCompat.getFirstBaselineToTopHeight(android.widget.TextView):0:0 -> getFirstBaselineToTopHeight
    1:1:int getFirstBaselineToTopHeight():0 -> getFirstBaselineToTopHeight
    1:1:int androidx.core.widget.TextViewCompat.getLastBaselineToBottomHeight(android.widget.TextView):0:0 -> getLastBaselineToBottomHeight
    1:1:int getLastBaselineToBottomHeight():0 -> getLastBaselineToBottomHeight
    1:1:android.content.res.ColorStateList androidx.appcompat.widget.AppCompatTextHelper.getCompoundDrawableTintList():0:0 -> getSupportCompoundDrawablesTintList
    1:1:android.content.res.ColorStateList getSupportCompoundDrawablesTintList():0 -> getSupportCompoundDrawablesTintList
    1:1:android.graphics.PorterDuff$Mode androidx.appcompat.widget.AppCompatTextHelper.getCompoundDrawableTintMode():0:0 -> getSupportCompoundDrawablesTintMode
    1:1:android.graphics.PorterDuff$Mode getSupportCompoundDrawablesTintMode():0 -> getSupportCompoundDrawablesTintMode
    1:1:void consumeTextFutureAndSetBlocking():0:0 -> getText
    1:1:java.lang.CharSequence getText():0 -> getText