app/usage.txt
c.jahhow.remotecontroller.MyCardViewSetup
    void <init>()
c.jahhow.remotecontroller.msg.SCS1
c.jahhow.remotecontroller.R$attr
c.jahhow.remotecontroller.R$id
c.jahhow.remotecontroller.R$anim
c.jahhow.remotecontroller.ServerVerifier
    private void <init>()
    private static final int SupportServerVersion
c.jahhow.remotecontroller.R$color
c.jahhow.remotecontroller.R$mipmap
c.jahhow.remotecontroller.R$integer
c.jahhow.remotecontroller.ConnectorSwitcherFragment
    private static final boolean PreferBluetooth
    private static final boolean PreferTcpIp
c.jahhow.remotecontroller.R$dimen
c.jahhow.remotecontroller.msg.ButtonAction
c.jahhow.remotecontroller.RemoteControllerApp
    private static final java.lang.String ManagePlaySubsUrl
    private static final java.lang.String Sku_Subscription_FullAccess
c.jahhow.remotecontroller.BuildConfig
c.jahhow.remotecontroller.SelectBluetoothDeviceFragment
    private static final short PERMISSION_REQUEST_CODE
c.jahhow.remotecontroller.msg.Msg
c.jahhow.remotecontroller.R$drawable
c.jahhow.remotecontroller.R$string
c.jahhow.remotecontroller.R$style
c.jahhow.remotecontroller.InputTextFragment
    private static final java.lang.String BundleKey_InputType
    private static final java.lang.String BundleKey_ShowingHelp
c.jahhow.remotecontroller.R$layout
c.jahhow.remotecontroller.msg.InputTextMode
c.jahhow.remotecontroller.R$interpolator
c.jahhow.remotecontroller.MotionAdjuster
    void <init>()
c.jahhow.remotecontroller.R$styleable
c.jahhow.remotecontroller.SwipeCardView
    public static final int IndicatorUp
    public static final int IndicatorRight
    public static final int IndicatorDown
    public static final int IndicatorLeft
c.jahhow.remotecontroller.LoadingFragment
    private static final java.lang.String ARG_LOADING_TEXT
c.jahhow.remotecontroller.TouchDownUpDetector
c.jahhow.remotecontroller.MainActivity
    static final java.lang.String name_CommonSharedPrefer
    static final java.lang.String KeyPrefer_IP
    static final java.lang.String KeyPrefer_Port
    static final java.lang.String KeyPrefer_Controller
    static final java.lang.String KeyPrefer_SwipeDemo
    static final java.lang.String KeyPrefer_Swiped
    static final java.lang.String KeyPrefer_InputText
    static final java.lang.String KeyPrefer_VibrateOnDown
    static final java.lang.String KeyPrefer_ShowHelpButton
    static final java.lang.String KeyPrefer_ShowHelpOnCreate
    static final java.lang.String KeyPrefer_ShowHelpInputText
    static final java.lang.String KeyPrefer_ShowTcpIpGuide
    static final java.lang.String KeyPrefer_Connector
    private static final java.lang.String JahhowAppWebsite
    private static final java.lang.String SendTextEncode
c.jahhow.remotecontroller.AirMouseLayout
    private static final float expSmoothTimeConstant
c.jahhow.remotecontroller.R$bool
c.jahhow.remotecontroller.R$animator
c.jahhow.remotecontroller.TouchPadView$DownEventList
    static final int NOT_FOUND
c.jahhow.remotecontroller.R
c.jahhow.remotecontroller.R$menu
c.jahhow.remotecontroller.SelectBluetoothDeviceFragment
    public static synthetic c.jahhow.remotecontroller.MainViewModel access$100(c.jahhow.remotecontroller.SelectBluetoothDeviceFragment)
    public static synthetic android.widget.Button access$200(c.jahhow.remotecontroller.SelectBluetoothDeviceFragment)
    public static synthetic android.widget.ProgressBar access$300(c.jahhow.remotecontroller.SelectBluetoothDeviceFragment)
    public static synthetic java.util.UUID access$400()
    public static synthetic android.bluetooth.BluetoothAdapter access$500(c.jahhow.remotecontroller.SelectBluetoothDeviceFragment)
    public static synthetic c.jahhow.remotecontroller.MainActivity access$600(c.jahhow.remotecontroller.SelectBluetoothDeviceFragment)
    public static final synthetic boolean $assertionsDisabled
...
androidx.media.AudioAttributesCompat
    public static final int[] SDK_USAGES
androidx.vectordrawable.graphics.drawable.VectorDrawableCompat$VFullPath
    public final android.graphics.Paint$Cap getStrokeLineCap(int,android.graphics.Paint$Cap)
    public final android.graphics.Paint$Join getStrokeLineJoin(int,android.graphics.Paint$Join)
    public final void updateStateFromTypedArray(android.content.res.TypedArray,org.xmlpull.v1.XmlPullParser,android.content.res.Resources$Theme)
androidx.appcompat.widget.TooltipCompatHandler
    public static void setTooltipText(android.view.View,java.lang.CharSequence)
    public final void scheduleShow()
    public final void cancelPendingShow()
    public final boolean updateAnchorPos(android.view.MotionEvent)
androidx.appcompat.app.AppCompatDialog
    public static int getThemeResId(android.content.Context,int)
    public boolean supportRequestWindowFeature(int)
androidx.appcompat.widget.ViewStubCompat
    public androidx.appcompat.widget.ViewStubCompat$OnInflateListener mInflateListener
com.google.android.material.transformation.FabTransformationScrimBehavior$1
    public final synthetic com.google.android.material.transformation.FabTransformationScrimBehavior this$0
androidx.appcompat.graphics.drawable.DrawableContainer
    public int getCurrentIndex()
    public final void updateDensity(android.content.res.Resources)
    public void applyTheme(android.content.res.Resources$Theme)
    public final boolean needsMirroring()
    public int mLastIndex
androidx.core.view.accessibility.AccessibilityRecordCompat
androidx.transition.ChangeBounds$5
    public void set(android.view.View,android.graphics.PointF)
    public android.graphics.PointF get()
androidx.vectordrawable.graphics.drawable.AnimatorInflaterCompat
androidx.fragment.app.FragmentViewLifecycleOwner
    public void initialize()
    public boolean isInitialized()
    public void handleLifecycleEvent(androidx.lifecycle.Lifecycle$Event)
android.support.v4.media.MediaDescriptionCompat$Builder
androidx.appcompat.app.ActionBar$Tab
    public void <init>()
androidx.fragment.app.FragmentStateManager
    public androidx.fragment.app.Fragment getFragment()
    public void setFragmentManagerState(int)
    public int computeMaxState()
    public void ensureInflatedView()
    public void attach(androidx.fragment.app.FragmentHostCallback,androidx.fragment.app.FragmentManager,androidx.fragment.app.Fragment)
    public void create()
    public void createView(androidx.fragment.app.FragmentContainer)
    public void activityCreated()
    public void restoreViewState()
    public void start()
    public void resume()
    public void pause()
    public void stop()
    public androidx.fragment.app.FragmentState saveState()
    public void destroy(androidx.fragment.app.FragmentHostCallback,androidx.fragment.app.FragmentManagerViewModel)
    public void detach(androidx.fragment.app.FragmentManagerViewModel)
    public final android.os.Bundle saveBasicState()
androidx.recyclerview.widget.DefaultItemAnimator$ChangeInfo
    public void <init>(androidx.recyclerview.widget.RecyclerView$ViewHolder,androidx.recyclerview.widget.RecyclerView$ViewHolder)
    public void <init>(androidx.recyclerview.widget.RecyclerView$ViewHolder,androidx.recyclerview.widget.RecyclerView$ViewHolder,int,int,int,int)
androidx.fragment.app.FragmentActivity
    public final void markFragmentsCreated()
androidx.core.view.ViewConfigurationCompat
    public static float getScaledVerticalScrollFactor(android.view.ViewConfiguration,android.content.Context)